  main.cpp
  Generating code
  0 of 56 functions ( 0.0%) were compiled, the rest were copied from previous compilation.
    0 functions were new in current compilation
    0 functions had inline decision re-evaluated but remain unchanged
  Finished generating code
  arkanoid.vcxproj -> C:\kuba\programming\Arkanoid\vs15\Release\arkanoid.exe
  arkanoid.vcxproj -> C:\kuba\programming\Arkanoid\vs15\Release\arkanoid.pdb (Full PDB)
  C:\kuba\programming\Arkanoid\vs15\..\ezGame\lib\Win32\ezGame.dll
  C:\kuba\programming\Arkanoid\vs15\..\ezGame\lib\Win32\libFLAC-8.dll
  C:\kuba\programming\Arkanoid\vs15\..\ezGame\lib\Win32\libfreetype-6.dll
  C:\kuba\programming\Arkanoid\vs15\..\ezGame\lib\Win32\libjpeg-9.dll
  C:\kuba\programming\Arkanoid\vs15\..\ezGame\lib\Win32\libmodplug-1.dll
  C:\kuba\programming\Arkanoid\vs15\..\ezGame\lib\Win32\libmpg123-0.dll
  C:\kuba\programming\Arkanoid\vs15\..\ezGame\lib\Win32\libogg-0.dll
  C:\kuba\programming\Arkanoid\vs15\..\ezGame\lib\Win32\libpng16-16.dll
  C:\kuba\programming\Arkanoid\vs15\..\ezGame\lib\Win32\libtiff-5.dll
  C:\kuba\programming\Arkanoid\vs15\..\ezGame\lib\Win32\libvorbis-0.dll
  C:\kuba\programming\Arkanoid\vs15\..\ezGame\lib\Win32\libvorbisfile-3.dll
  C:\kuba\programming\Arkanoid\vs15\..\ezGame\lib\Win32\libwebp-7.dll
  C:\kuba\programming\Arkanoid\vs15\..\ezGame\lib\Win32\SDL2.dll
  C:\kuba\programming\Arkanoid\vs15\..\ezGame\lib\Win32\SDL2_image.dll
  C:\kuba\programming\Arkanoid\vs15\..\ezGame\lib\Win32\SDL2_mixer.dll
  C:\kuba\programming\Arkanoid\vs15\..\ezGame\lib\Win32\SDL2_ttf.dll
  C:\kuba\programming\Arkanoid\vs15\..\ezGame\lib\Win32\zlib1.dll
  17 File(s) copied
  0 File(s) copied
