  arkanoid.cpp
  arkanoid.vcxproj -> C:\kuba\programming\Arkanoid\vs15\x64\Debug\arkanoid.exe
  arkanoid.vcxproj -> C:\kuba\programming\Arkanoid\vs15\x64\Debug\arkanoid.pdb (Partial PDB)
  C:\kuba\programming\Arkanoid\vs15\..\ezGame\lib\x64\ezGame.dll
  C:\kuba\programming\Arkanoid\vs15\..\ezGame\lib\x64\libFLAC-8.dll
  C:\kuba\programming\Arkanoid\vs15\..\ezGame\lib\x64\libfreetype-6.dll
  C:\kuba\programming\Arkanoid\vs15\..\ezGame\lib\x64\libjpeg-9.dll
  C:\kuba\programming\Arkanoid\vs15\..\ezGame\lib\x64\libmodplug-1.dll
  C:\kuba\programming\Arkanoid\vs15\..\ezGame\lib\x64\libmpg123-0.dll
  C:\kuba\programming\Arkanoid\vs15\..\ezGame\lib\x64\libogg-0.dll
  C:\kuba\programming\Arkanoid\vs15\..\ezGame\lib\x64\libpng16-16.dll
  C:\kuba\programming\Arkanoid\vs15\..\ezGame\lib\x64\libtiff-5.dll
  C:\kuba\programming\Arkanoid\vs15\..\ezGame\lib\x64\libvorbis-0.dll
  C:\kuba\programming\Arkanoid\vs15\..\ezGame\lib\x64\libvorbisfile-3.dll
  C:\kuba\programming\Arkanoid\vs15\..\ezGame\lib\x64\libwebp-7.dll
  C:\kuba\programming\Arkanoid\vs15\..\ezGame\lib\x64\SDL2.dll
  C:\kuba\programming\Arkanoid\vs15\..\ezGame\lib\x64\SDL2_image.dll
  C:\kuba\programming\Arkanoid\vs15\..\ezGame\lib\x64\SDL2_mixer.dll
  C:\kuba\programming\Arkanoid\vs15\..\ezGame\lib\x64\SDL2_ttf.dll
  C:\kuba\programming\Arkanoid\vs15\..\ezGame\lib\x64\zlib1.dll
  17 File(s) copied
  0 File(s) copied
